mode: atomic
github.com/cga1123/slugcmplr/queue/queue.go:40.51,41.35 1 2
github.com/cga1123/slugcmplr/queue/queue.go:41.35,43.3 1 0
github.com/cga1123/slugcmplr/queue/queue.go:54.103,60.2 1 2
github.com/cga1123/slugcmplr/queue/queue.go:69.72,71.2 1 0
github.com/cga1123/slugcmplr/queue/queue.go:74.83,75.31 1 0
github.com/cga1123/slugcmplr/queue/queue.go:79.2,79.40 1 0
github.com/cga1123/slugcmplr/queue/queue.go:75.31,77.3 1 0
github.com/cga1123/slugcmplr/queue/queue.go:83.75,85.2 1 1
github.com/cga1123/slugcmplr/queue/queue.go:92.74,94.2 1 0
github.com/cga1123/slugcmplr/queue/queue.go:97.85,99.2 1 0
github.com/cga1123/slugcmplr/queue/queue.go:106.32,107.38 1 0
github.com/cga1123/slugcmplr/queue/queue.go:107.38,109.3 1 0
github.com/cga1123/slugcmplr/queue/queue.go:113.42,114.38 1 5
github.com/cga1123/slugcmplr/queue/queue.go:114.38,116.3 1 5
github.com/cga1123/slugcmplr/queue/queue.go:129.37,135.2 1 3
github.com/cga1123/slugcmplr/queue/queue.go:138.110,155.27 5 5
github.com/cga1123/slugcmplr/queue/queue.go:159.2,166.16 3 5
github.com/cga1123/slugcmplr/queue/queue.go:172.2,172.17 1 5
github.com/cga1123/slugcmplr/queue/queue.go:155.27,157.3 1 5
github.com/cga1123/slugcmplr/queue/queue.go:166.16,168.3 1 0
github.com/cga1123/slugcmplr/queue/queue.go:168.8,170.3 1 5
github.com/cga1123/slugcmplr/queue/queue.go:178.79,189.16 4 3
github.com/cga1123/slugcmplr/queue/queue.go:192.2,196.16 4 3
github.com/cga1123/slugcmplr/queue/queue.go:200.2,207.42 2 0
github.com/cga1123/slugcmplr/queue/queue.go:232.2,232.39 1 0
github.com/cga1123/slugcmplr/queue/queue.go:238.2,240.12 2 0
github.com/cga1123/slugcmplr/queue/queue.go:189.16,191.3 1 0
github.com/cga1123/slugcmplr/queue/queue.go:196.16,198.3 1 3
github.com/cga1123/slugcmplr/queue/queue.go:207.42,212.12 3 0
github.com/cga1123/slugcmplr/queue/queue.go:212.12,218.48 2 0
github.com/cga1123/slugcmplr/queue/queue.go:218.48,222.5 2 0
github.com/cga1123/slugcmplr/queue/queue.go:223.9,224.71 1 0
github.com/cga1123/slugcmplr/queue/queue.go:224.71,228.5 2 0
github.com/cga1123/slugcmplr/queue/queue.go:232.39,236.3 2 0
